Determining if the pthread_create exist failed with the following output:
Change Dir: /home/adachi/share/home/appy/documents/Sample/GoogleTest/SampleCMake/build/CMakeFiles/CMakeTmp

Run Build Command:"/usr/bin/gmake" "cmTC_15ac8/fast"
/usr/bin/gmake -f CMakeFiles/cmTC_15ac8.dir/build.make CMakeFiles/cmTC_15ac8.dir/build
gmake[1]: ディレクトリ '/home/adachi/share/home/appy/documents/Sample/GoogleTest/SampleCMake/build/CMakeFiles/CMakeTmp' に入ります
Building CXX object CMakeFiles/cmTC_15ac8.dir/CheckSymbolExists.cxx.o
/usr/bin/c++     -o CMakeFiles/cmTC_15ac8.dir/CheckSymbolExists.cxx.o -c /home/adachi/share/home/appy/documents/Sample/GoogleTest/SampleCMake/build/CMakeFiles/CMakeTmp/CheckSymbolExists.cxx
Linking CXX executable cmTC_15ac8
/usr/bin/cmake -E cmake_link_script CMakeFiles/cmTC_15ac8.dir/link.txt --verbose=1
/usr/bin/c++       -rdynamic CMakeFiles/cmTC_15ac8.dir/CheckSymbolExists.cxx.o  -o cmTC_15ac8 
CMakeFiles/cmTC_15ac8.dir/CheckSymbolExists.cxx.o: 関数 `main' 内:
CheckSymbolExists.cxx:(.text+0x1b): `pthread_create' に対する定義されていない参照です
collect2: error: ld returned 1 exit status
CMakeFiles/cmTC_15ac8.dir/build.make:97: recipe for target 'cmTC_15ac8' failed
gmake[1]: *** [cmTC_15ac8] Error 1
gmake[1]: ディレクトリ '/home/adachi/share/home/appy/documents/Sample/GoogleTest/SampleCMake/build/CMakeFiles/CMakeTmp' から出ます
Makefile:126: recipe for target 'cmTC_15ac8/fast' failed
gmake: *** [cmTC_15ac8/fast] Error 2

File /home/adachi/share/home/appy/documents/Sample/GoogleTest/SampleCMake/build/CMakeFiles/CMakeTmp/CheckSymbolExists.cxx:
/* */
#include <pthread.h>

int main(int argc, char** argv)
{
  (void)argv;
#ifndef pthread_create
  return ((int*)(&pthread_create))[argc];
#else
  (void)argc;
  return 0;
#endif
}

Determining if the function pthread_create exists in the pthreads failed with the following output:
Change Dir: /home/adachi/share/home/appy/documents/Sample/GoogleTest/SampleCMake/build/CMakeFiles/CMakeTmp

Run Build Command:"/usr/bin/gmake" "cmTC_6a23e/fast"
/usr/bin/gmake -f CMakeFiles/cmTC_6a23e.dir/build.make CMakeFiles/cmTC_6a23e.dir/build
gmake[1]: ディレクトリ '/home/adachi/share/home/appy/documents/Sample/GoogleTest/SampleCMake/build/CMakeFiles/CMakeTmp' に入ります
Building CXX object CMakeFiles/cmTC_6a23e.dir/CheckFunctionExists.cxx.o
/usr/bin/c++    -DCHECK_FUNCTION_EXISTS=pthread_create   -o CMakeFiles/cmTC_6a23e.dir/CheckFunctionExists.cxx.o -c /home/adachi/share/home/appy/documents/Sample/GoogleTest/SampleCMake/build/CMakeFiles/CheckLibraryExists/CheckFunctionExists.cxx
Linking CXX executable cmTC_6a23e
/usr/bin/cmake -E cmake_link_script CMakeFiles/cmTC_6a23e.dir/link.txt --verbose=1
/usr/bin/c++   -DCHECK_FUNCTION_EXISTS=pthread_create    -rdynamic CMakeFiles/cmTC_6a23e.dir/CheckFunctionExists.cxx.o  -o cmTC_6a23e -lpthreads 
/usr/bin/ld: -lpthreads が見つかりません
collect2: error: ld returned 1 exit status
CMakeFiles/cmTC_6a23e.dir/build.make:97: recipe for target 'cmTC_6a23e' failed
gmake[1]: *** [cmTC_6a23e] Error 1
gmake[1]: ディレクトリ '/home/adachi/share/home/appy/documents/Sample/GoogleTest/SampleCMake/build/CMakeFiles/CMakeTmp' から出ます
Makefile:126: recipe for target 'cmTC_6a23e/fast' failed
gmake: *** [cmTC_6a23e/fast] Error 2


